<?xml version="1.0" encoding="UTF-8"?>
<!-- Generated by org.testng.reporters.JUnitReportReporter -->
<testsuite hostname="DESKTOP-3H7ICRB" failures="0" tests="3" name="Mytests.gurutest" time="12.783" errors="0" timestamp="2024-05-25T13:28:33 IST" skipped="0">
  <testcase classname="Mytests.gurutest" name="Login" time="3.671"/>
  <system-out/>
  <testcase classname="Mytests.gurutest" name="NewCustomer" time="4.832"/>
  <system-out/>
  <testcase classname="Mytests.gurutest" name="EditCustomer" time="4.280"/>
  <system-out/>
</testsuite> <!-- Mytests.gurutest -->
