<?xml version="1.0" encoding="UTF-8"?>
<!-- Generated by org.testng.reporters.JUnitReportReporter -->
<testsuite hostname="DESKTOP-3H7ICRB" failures="0" tests="3" name="Mytests.gurutest" time="62.080" errors="0" timestamp="2024-05-25T13:40:25 IST" skipped="0">
  <testcase classname="Mytests.gurutest" name="Login" time="22.903"/>
  <testcase classname="Mytests.gurutest" name="NewCustomer" time="18.429"/>
  <testcase classname="Mytests.gurutest" name="EditCustomer" time="20.748"/>
</testsuite> <!-- Mytests.gurutest -->
